<?xml version="1.0" encoding="UTF-8"?>
<testsuite xmlns:xsi="http://www.w3.org/2001/XMLSchema-instance" xsi:noNamespaceSchemaLocation="https://maven.apache.org/surefire/maven-surefire-plugin/xsd/surefire-test-report.xsd" name="com.okta.developer.gateway.ApiGatewayApplicationTests" time="0.792" tests="1" errors="0" skipped="0" failures="0">
  <properties>
    <property name="java.specification.version" value="18"/>
    <property name="sun.jnu.encoding" value="UTF-8"/>
    <property name="java.class.path" value="/Users/danielflores/DanielLocal/React/dirTres/ejemplo4/okta-spring-security-test-example/api-gateway/target/test-classes:/Users/danielflores/DanielLocal/React/dirTres/ejemplo4/okta-spring-security-test-example/api-gateway/target/classes:/Users/danielflores/.m2/repository/org/springframework/boot/spring-boot-starter-webflux/2.6.3/spring-boot-starter-webflux-2.6.3.jar:/Users/danielflores/.m2/repository/org/springframework/boot/spring-boot-starter/2.6.3/spring-boot-starter-2.6.3.jar:/Users/danielflores/.m2/repository/org/springframework/boot/spring-boot/2.6.3/spring-boot-2.6.3.jar:/Users/danielflores/.m2/repository/org/springframework/boot/spring-boot-autoconfigure/2.6.3/spring-boot-autoconfigure-2.6.3.jar:/Users/danielflores/.m2/repository/org/springframework/boot/spring-boot-starter-logging/2.6.3/spring-boot-starter-logging-2.6.3.jar:/Users/danielflores/.m2/repository/ch/qos/logback/logback-classic/1.2.10/logback-classic-1.2.10.jar:/Users/danielflores/.m2/repository/ch/qos/logback/logback-core/1.2.10/logback-core-1.2.10.jar:/Users/danielflores/.m2/repository/org/apache/logging/log4j/log4j-to-slf4j/2.17.1/log4j-to-slf4j-2.17.1.jar:/Users/danielflores/.m2/repository/org/apache/logging/log4j/log4j-api/2.17.1/log4j-api-2.17.1.jar:/Users/danielflores/.m2/repository/org/slf4j/jul-to-slf4j/1.7.33/jul-to-slf4j-1.7.33.jar:/Users/danielflores/.m2/repository/jakarta/annotation/jakarta.annotation-api/1.3.5/jakarta.annotation-api-1.3.5.jar:/Users/danielflores/.m2/repository/org/yaml/snakeyaml/1.29/snakeyaml-1.29.jar:/Users/danielflores/.m2/repository/org/springframework/boot/spring-boot-starter-json/2.6.3/spring-boot-starter-json-2.6.3.jar:/Users/danielflores/.m2/repository/com/fasterxml/jackson/core/jackson-databind/2.13.1/jackson-databind-2.13.1.jar:/Users/danielflores/.m2/repository/com/fasterxml/jackson/datatype/jackson-datatype-jdk8/2.13.1/jackson-datatype-jdk8-2.13.1.jar:/Users/danielflores/.m2/repository/com/fasterxml/jackson/datatype/jackson-datatype-jsr310/2.13.1/jackson-datatype-jsr310-2.13.1.jar:/Users/danielflores/.m2/repository/com/fasterxml/jackson/module/jackson-module-parameter-names/2.13.1/jackson-module-parameter-names-2.13.1.jar:/Users/danielflores/.m2/repository/org/springframework/boot/spring-boot-starter-reactor-netty/2.6.3/spring-boot-starter-reactor-netty-2.6.3.jar:/Users/danielflores/.m2/repository/io/projectreactor/netty/reactor-netty-http/1.0.15/reactor-netty-http-1.0.15.jar:/Users/danielflores/.m2/repository/io/netty/netty-codec-http/4.1.73.Final/netty-codec-http-4.1.73.Final.jar:/Users/danielflores/.m2/repository/io/netty/netty-common/4.1.73.Final/netty-common-4.1.73.Final.jar:/Users/danielflores/.m2/repository/io/netty/netty-buffer/4.1.73.Final/netty-buffer-4.1.73.Final.jar:/Users/danielflores/.m2/repository/io/netty/netty-transport/4.1.73.Final/netty-transport-4.1.73.Final.jar:/Users/danielflores/.m2/repository/io/netty/netty-codec/4.1.73.Final/netty-codec-4.1.73.Final.jar:/Users/danielflores/.m2/repository/io/netty/netty-handler/4.1.73.Final/netty-handler-4.1.73.Final.jar:/Users/danielflores/.m2/repository/io/netty/netty-tcnative-classes/2.0.46.Final/netty-tcnative-classes-2.0.46.Final.jar:/Users/danielflores/.m2/repository/io/netty/netty-codec-http2/4.1.73.Final/netty-codec-http2-4.1.73.Final.jar:/Users/danielflores/.m2/repository/io/netty/netty-resolver-dns/4.1.73.Final/netty-resolver-dns-4.1.73.Final.jar:/Users/danielflores/.m2/repository/io/netty/netty-resolver/4.1.73.Final/netty-resolver-4.1.73.Final.jar:/Users/danielflores/.m2/repository/io/netty/netty-codec-dns/4.1.73.Final/netty-codec-dns-4.1.73.Final.jar:/Users/danielflores/.m2/repository/io/netty/netty-resolver-dns-native-macos/4.1.73.Final/netty-resolver-dns-native-macos-4.1.73.Final-osx-x86_64.jar:/Users/danielflores/.m2/repository/io/netty/netty-resolver-dns-classes-macos/4.1.73.Final/netty-resolver-dns-classes-macos-4.1.73.Final.jar:/Users/danielflores/.m2/repository/io/netty/netty-transport-native-epoll/4.1.73.Final/netty-transport-native-epoll-4.1.73.Final-linux-x86_64.jar:/Users/danielflores/.m2/repository/io/netty/netty-transport-native-unix-common/4.1.73.Final/netty-transport-native-unix-common-4.1.73.Final.jar:/Users/danielflores/.m2/repository/io/netty/netty-transport-classes-epoll/4.1.73.Final/netty-transport-classes-epoll-4.1.73.Final.jar:/Users/danielflores/.m2/repository/io/projectreactor/netty/reactor-netty-core/1.0.15/reactor-netty-core-1.0.15.jar:/Users/danielflores/.m2/repository/io/netty/netty-handler-proxy/4.1.73.Final/netty-handler-proxy-4.1.73.Final.jar:/Users/danielflores/.m2/repository/io/netty/netty-codec-socks/4.1.73.Final/netty-codec-socks-4.1.73.Final.jar:/Users/danielflores/.m2/repository/org/springframework/spring-web/5.3.15/spring-web-5.3.15.jar:/Users/danielflores/.m2/repository/org/springframework/spring-beans/5.3.15/spring-beans-5.3.15.jar:/Users/danielflores/.m2/repository/org/springframework/spring-webflux/5.3.15/spring-webflux-5.3.15.jar:/Users/danielflores/.m2/repository/com/okta/spring/okta-spring-boot-starter/2.1.4/okta-spring-boot-starter-2.1.4.jar:/Users/danielflores/.m2/repository/com/okta/spring/okta-spring-security-oauth2/2.1.4/okta-spring-security-oauth2-2.1.4.jar:/Users/danielflores/.m2/repository/javax/validation/validation-api/2.0.1.Final/validation-api-2.0.1.Final.jar:/Users/danielflores/.m2/repository/com/okta/commons/okta-config-check/1.3.0/okta-config-check-1.3.0.jar:/Users/danielflores/.m2/repository/com/okta/commons/okta-commons-lang/1.3.0/okta-commons-lang-1.3.0.jar:/Users/danielflores/.m2/repository/org/springframework/security/spring-security-config/5.6.1/spring-security-config-5.6.1.jar:/Users/danielflores/.m2/repository/org/springframework/boot/spring-boot-starter-security/2.6.3/spring-boot-starter-security-2.6.3.jar:/Users/danielflores/.m2/repository/org/springframework/security/spring-security-oauth2-client/5.6.1/spring-security-oauth2-client-5.6.1.jar:/Users/danielflores/.m2/repository/org/springframework/security/spring-security-oauth2-core/5.6.1/spring-security-oauth2-core-5.6.1.jar:/Users/danielflores/.m2/repository/com/nimbusds/oauth2-oidc-sdk/9.19/oauth2-oidc-sdk-9.19.jar:/Users/danielflores/.m2/repository/com/github/stephenc/jcip/jcip-annotations/1.0-1/jcip-annotations-1.0-1.jar:/Users/danielflores/.m2/repository/com/nimbusds/content-type/2.1/content-type-2.1.jar:/Users/danielflores/.m2/repository/com/nimbusds/lang-tag/1.5/lang-tag-1.5.jar:/Users/danielflores/.m2/repository/org/springframework/security/spring-security-oauth2-jose/5.6.1/spring-security-oauth2-jose-5.6.1.jar:/Users/danielflores/.m2/repository/com/nimbusds/nimbus-jose-jwt/9.14/nimbus-jose-jwt-9.14.jar:/Users/danielflores/.m2/repository/org/springframework/security/spring-security-oauth2-resource-server/5.6.1/spring-security-oauth2-resource-server-5.6.1.jar:/Users/danielflores/.m2/repository/com/okta/spring/okta-spring-sdk/2.1.4/okta-spring-sdk-2.1.4.jar:/Users/danielflores/.m2/repository/org/springframework/cloud/spring-cloud-starter-gateway/3.1.0/spring-cloud-starter-gateway-3.1.0.jar:/Users/danielflores/.m2/repository/org/springframework/cloud/spring-cloud-starter/3.1.0/spring-cloud-starter-3.1.0.jar:/Users/danielflores/.m2/repository/org/springframework/cloud/spring-cloud-context/3.1.0/spring-cloud-context-3.1.0.jar:/Users/danielflores/.m2/repository/org/springframework/cloud/spring-cloud-commons/3.1.0/spring-cloud-commons-3.1.0.jar:/Users/danielflores/.m2/repository/org/springframework/security/spring-security-rsa/1.0.10.RELEASE/spring-security-rsa-1.0.10.RELEASE.jar:/Users/danielflores/.m2/repository/org/bouncycastle/bcpkix-jdk15on/1.68/bcpkix-jdk15on-1.68.jar:/Users/danielflores/.m2/repository/org/bouncycastle/bcprov-jdk15on/1.68/bcprov-jdk15on-1.68.jar:/Users/danielflores/.m2/repository/org/springframework/cloud/spring-cloud-gateway-server/3.1.0/spring-cloud-gateway-server-3.1.0.jar:/Users/danielflores/.m2/repository/org/springframework/boot/spring-boot-starter-validation/2.6.3/spring-boot-starter-validation-2.6.3.jar:/Users/danielflores/.m2/repository/org/apache/tomcat/embed/tomcat-embed-el/9.0.56/tomcat-embed-el-9.0.56.jar:/Users/danielflores/.m2/repository/org/hibernate/validator/hibernate-validator/6.2.0.Final/hibernate-validator-6.2.0.Final.jar:/Users/danielflores/.m2/repository/jakarta/validation/jakarta.validation-api/2.0.2/jakarta.validation-api-2.0.2.jar:/Users/danielflores/.m2/repository/org/jboss/logging/jboss-logging/3.4.3.Final/jboss-logging-3.4.3.Final.jar:/Users/danielflores/.m2/repository/com/fasterxml/classmate/1.5.1/classmate-1.5.1.jar:/Users/danielflores/.m2/repository/io/projectreactor/addons/reactor-extra/3.4.6/reactor-extra-3.4.6.jar:/Users/danielflores/.m2/repository/org/springframework/cloud/spring-cloud-starter-netflix-eureka-client/3.1.0/spring-cloud-starter-netflix-eureka-client-3.1.0.jar:/Users/danielflores/.m2/repository/org/springframework/cloud/spring-cloud-netflix-eureka-client/3.1.0/spring-cloud-netflix-eureka-client-3.1.0.jar:/Users/danielflores/.m2/repository/com/netflix/eureka/eureka-client/1.10.17/eureka-client-1.10.17.jar:/Users/danielflores/.m2/repository/com/netflix/netflix-commons/netflix-eventbus/0.3.0/netflix-eventbus-0.3.0.jar:/Users/danielflores/.m2/repository/com/netflix/netflix-commons/netflix-infix/0.3.0/netflix-infix-0.3.0.jar:/Users/danielflores/.m2/repository/commons-jxpath/commons-jxpath/1.3/commons-jxpath-1.3.jar:/Users/danielflores/.m2/repository/joda-time/joda-time/2.3/joda-time-2.3.jar:/Users/danielflores/.m2/repository/org/antlr/antlr-runtime/3.4/antlr-runtime-3.4.jar:/Users/danielflores/.m2/repository/org/antlr/stringtemplate/3.2.1/stringtemplate-3.2.1.jar:/Users/danielflores/.m2/repository/antlr/antlr/2.7.7/antlr-2.7.7.jar:/Users/danielflores/.m2/repository/com/google/code/gson/gson/2.8.9/gson-2.8.9.jar:/Users/danielflores/.m2/repository/org/apache/commons/commons-math/2.2/commons-math-2.2.jar:/Users/danielflores/.m2/repository/com/thoughtworks/xstream/xstream/1.4.18/xstream-1.4.18.jar:/Users/danielflores/.m2/repository/io/github/x-stream/mxparser/1.2.2/mxparser-1.2.2.jar:/Users/danielflores/.m2/repository/xmlpull/xmlpull/1.1.3.1/xmlpull-1.1.3.1.jar:/Users/danielflores/.m2/repository/javax/ws/rs/jsr311-api/1.1.1/jsr311-api-1.1.1.jar:/Users/danielflores/.m2/repository/com/netflix/servo/servo-core/0.12.21/servo-core-0.12.21.jar:/Users/danielflores/.m2/repository/com/google/guava/guava/19.0/guava-19.0.jar:/Users/danielflores/.m2/repository/org/apache/httpcomponents/httpclient/4.5.13/httpclient-4.5.13.jar:/Users/danielflores/.m2/repository/org/apache/httpcomponents/httpcore/4.4.15/httpcore-4.4.15.jar:/Users/danielflores/.m2/repository/commons-codec/commons-codec/1.15/commons-codec-1.15.jar:/Users/danielflores/.m2/repository/commons-configuration/commons-configuration/1.10/commons-configuration-1.10.jar:/Users/danielflores/.m2/repository/commons-lang/commons-lang/2.6/commons-lang-2.6.jar:/Users/danielflores/.m2/repository/com/google/inject/guice/4.1.0/guice-4.1.0.jar:/Users/danielflores/.m2/repository/javax/inject/javax.inject/1/javax.inject-1.jar:/Users/danielflores/.m2/repository/com/fasterxml/jackson/core/jackson-annotations/2.13.1/jackson-annotations-2.13.1.jar:/Users/danielflores/.m2/repository/com/fasterxml/jackson/core/jackson-core/2.13.1/jackson-core-2.13.1.jar:/Users/danielflores/.m2/repository/org/codehaus/jettison/jettison/1.4.0/jettison-1.4.0.jar:/Users/danielflores/.m2/repository/com/netflix/eureka/eureka-core/1.10.17/eureka-core-1.10.17.jar:/Users/danielflores/.m2/repository/com/fasterxml/woodstox/woodstox-core/6.2.1/woodstox-core-6.2.1.jar:/Users/danielflores/.m2/repository/org/codehaus/woodstox/stax2-api/4.2.1/stax2-api-4.2.1.jar:/Users/danielflores/.m2/repository/org/springframework/cloud/spring-cloud-starter-loadbalancer/3.1.0/spring-cloud-starter-loadbalancer-3.1.0.jar:/Users/danielflores/.m2/repository/org/springframework/cloud/spring-cloud-loadbalancer/3.1.0/spring-cloud-loadbalancer-3.1.0.jar:/Users/danielflores/.m2/repository/org/springframework/boot/spring-boot-starter-cache/2.6.3/spring-boot-starter-cache-2.6.3.jar:/Users/danielflores/.m2/repository/org/springframework/spring-context-support/5.3.15/spring-context-support-5.3.15.jar:/Users/danielflores/.m2/repository/com/stoyanr/evictor/1.0.0/evictor-1.0.0.jar:/Users/danielflores/.m2/repository/org/projectlombok/lombok/1.18.22/lombok-1.18.22.jar:/Users/danielflores/.m2/repository/org/springframework/boot/spring-boot-starter-test/2.6.3/spring-boot-starter-test-2.6.3.jar:/Users/danielflores/.m2/repository/org/springframework/boot/spring-boot-test/2.6.3/spring-boot-test-2.6.3.jar:/Users/danielflores/.m2/repository/org/springframework/boot/spring-boot-test-autoconfigure/2.6.3/spring-boot-test-autoconfigure-2.6.3.jar:/Users/danielflores/.m2/repository/com/jayway/jsonpath/json-path/2.6.0/json-path-2.6.0.jar:/Users/danielflores/.m2/repository/net/minidev/json-smart/2.4.7/json-smart-2.4.7.jar:/Users/danielflores/.m2/repository/net/minidev/accessors-smart/2.4.7/accessors-smart-2.4.7.jar:/Users/danielflores/.m2/repository/org/ow2/asm/asm/9.1/asm-9.1.jar:/Users/danielflores/.m2/repository/org/slf4j/slf4j-api/1.7.33/slf4j-api-1.7.33.jar:/Users/danielflores/.m2/repository/jakarta/xml/bind/jakarta.xml.bind-api/2.3.3/jakarta.xml.bind-api-2.3.3.jar:/Users/danielflores/.m2/repository/jakarta/activation/jakarta.activation-api/1.2.2/jakarta.activation-api-1.2.2.jar:/Users/danielflores/.m2/repository/org/assertj/assertj-core/3.21.0/assertj-core-3.21.0.jar:/Users/danielflores/.m2/repository/org/hamcrest/hamcrest/2.2/hamcrest-2.2.jar:/Users/danielflores/.m2/repository/org/junit/jupiter/junit-jupiter/5.8.2/junit-jupiter-5.8.2.jar:/Users/danielflores/.m2/repository/org/junit/jupiter/junit-jupiter-api/5.8.2/junit-jupiter-api-5.8.2.jar:/Users/danielflores/.m2/repository/org/opentest4j/opentest4j/1.2.0/opentest4j-1.2.0.jar:/Users/danielflores/.m2/repository/org/junit/platform/junit-platform-commons/1.8.2/junit-platform-commons-1.8.2.jar:/Users/danielflores/.m2/repository/org/apiguardian/apiguardian-api/1.1.2/apiguardian-api-1.1.2.jar:/Users/danielflores/.m2/repository/org/junit/jupiter/junit-jupiter-params/5.8.2/junit-jupiter-params-5.8.2.jar:/Users/danielflores/.m2/repository/org/junit/jupiter/junit-jupiter-engine/5.8.2/junit-jupiter-engine-5.8.2.jar:/Users/danielflores/.m2/repository/org/junit/platform/junit-platform-engine/1.8.2/junit-platform-engine-1.8.2.jar:/Users/danielflores/.m2/repository/org/mockito/mockito-core/4.0.0/mockito-core-4.0.0.jar:/Users/danielflores/.m2/repository/net/bytebuddy/byte-buddy/1.11.22/byte-buddy-1.11.22.jar:/Users/danielflores/.m2/repository/net/bytebuddy/byte-buddy-agent/1.11.22/byte-buddy-agent-1.11.22.jar:/Users/danielflores/.m2/repository/org/objenesis/objenesis/3.2/objenesis-3.2.jar:/Users/danielflores/.m2/repository/org/mockito/mockito-junit-jupiter/4.0.0/mockito-junit-jupiter-4.0.0.jar:/Users/danielflores/.m2/repository/org/skyscreamer/jsonassert/1.5.0/jsonassert-1.5.0.jar:/Users/danielflores/.m2/repository/com/vaadin/external/google/android-json/0.0.20131108.vaadin1/android-json-0.0.20131108.vaadin1.jar:/Users/danielflores/.m2/repository/org/springframework/spring-core/5.3.15/spring-core-5.3.15.jar:/Users/danielflores/.m2/repository/org/springframework/spring-jcl/5.3.15/spring-jcl-5.3.15.jar:/Users/danielflores/.m2/repository/org/springframework/spring-test/5.3.15/spring-test-5.3.15.jar:/Users/danielflores/.m2/repository/org/xmlunit/xmlunit-core/2.8.4/xmlunit-core-2.8.4.jar:/Users/danielflores/.m2/repository/io/projectreactor/reactor-test/3.4.14/reactor-test-3.4.14.jar:/Users/danielflores/.m2/repository/io/projectreactor/reactor-core/3.4.14/reactor-core-3.4.14.jar:/Users/danielflores/.m2/repository/org/reactivestreams/reactive-streams/1.0.3/reactive-streams-1.0.3.jar:/Users/danielflores/.m2/repository/org/springframework/security/spring-security-test/5.6.1/spring-security-test-5.6.1.jar:/Users/danielflores/.m2/repository/org/springframework/security/spring-security-core/5.6.1/spring-security-core-5.6.1.jar:/Users/danielflores/.m2/repository/org/springframework/security/spring-security-crypto/5.6.1/spring-security-crypto-5.6.1.jar:/Users/danielflores/.m2/repository/org/springframework/spring-aop/5.3.15/spring-aop-5.3.15.jar:/Users/danielflores/.m2/repository/org/springframework/spring-context/5.3.15/spring-context-5.3.15.jar:/Users/danielflores/.m2/repository/org/springframework/spring-expression/5.3.15/spring-expression-5.3.15.jar:/Users/danielflores/.m2/repository/org/springframework/security/spring-security-web/5.6.1/spring-security-web-5.6.1.jar:"/>
    <property name="java.vm.vendor" value="Oracle Corporation"/>
    <property name="sun.arch.data.model" value="64"/>
    <property name="java.vendor.url" value="https://java.oracle.com/"/>
    <property name="os.name" value="Mac OS X"/>
    <property name="java.vm.specification.version" value="18"/>
    <property name="sun.java.launcher" value="SUN_STANDARD"/>
    <property name="user.country" value="MX"/>
    <property name="sun.boot.library.path" value="/Users/danielflores/Library/Java/JavaVirtualMachines/openjdk-18.0.2/Contents/Home/lib"/>
    <property name="sun.java.command" value="/Users/danielflores/DanielLocal/React/dirTres/ejemplo4/okta-spring-security-test-example/api-gateway/target/surefire/surefirebooter2403639608002252690.jar /Users/danielflores/DanielLocal/React/dirTres/ejemplo4/okta-spring-security-test-example/api-gateway/target/surefire 2023-02-23T23-40-16_148-jvmRun1 surefire4185414929759825652tmp surefire_016997382415837528027tmp"/>
    <property name="http.nonProxyHosts" value="local|*.local|169.254/16|*.169.254/16"/>
    <property name="jdk.debug" value="release"/>
    <property name="surefire.test.class.path" value="/Users/danielflores/DanielLocal/React/dirTres/ejemplo4/okta-spring-security-test-example/api-gateway/target/test-classes:/Users/danielflores/DanielLocal/React/dirTres/ejemplo4/okta-spring-security-test-example/api-gateway/target/classes:/Users/danielflores/.m2/repository/org/springframework/boot/spring-boot-starter-webflux/2.6.3/spring-boot-starter-webflux-2.6.3.jar:/Users/danielflores/.m2/repository/org/springframework/boot/spring-boot-starter/2.6.3/spring-boot-starter-2.6.3.jar:/Users/danielflores/.m2/repository/org/springframework/boot/spring-boot/2.6.3/spring-boot-2.6.3.jar:/Users/danielflores/.m2/repository/org/springframework/boot/spring-boot-autoconfigure/2.6.3/spring-boot-autoconfigure-2.6.3.jar:/Users/danielflores/.m2/repository/org/springframework/boot/spring-boot-starter-logging/2.6.3/spring-boot-starter-logging-2.6.3.jar:/Users/danielflores/.m2/repository/ch/qos/logback/logback-classic/1.2.10/logback-classic-1.2.10.jar:/Users/danielflores/.m2/repository/ch/qos/logback/logback-core/1.2.10/logback-core-1.2.10.jar:/Users/danielflores/.m2/repository/org/apache/logging/log4j/log4j-to-slf4j/2.17.1/log4j-to-slf4j-2.17.1.jar:/Users/danielflores/.m2/repository/org/apache/logging/log4j/log4j-api/2.17.1/log4j-api-2.17.1.jar:/Users/danielflores/.m2/repository/org/slf4j/jul-to-slf4j/1.7.33/jul-to-slf4j-1.7.33.jar:/Users/danielflores/.m2/repository/jakarta/annotation/jakarta.annotation-api/1.3.5/jakarta.annotation-api-1.3.5.jar:/Users/danielflores/.m2/repository/org/yaml/snakeyaml/1.29/snakeyaml-1.29.jar:/Users/danielflores/.m2/repository/org/springframework/boot/spring-boot-starter-json/2.6.3/spring-boot-starter-json-2.6.3.jar:/Users/danielflores/.m2/repository/com/fasterxml/jackson/core/jackson-databind/2.13.1/jackson-databind-2.13.1.jar:/Users/danielflores/.m2/repository/com/fasterxml/jackson/datatype/jackson-datatype-jdk8/2.13.1/jackson-datatype-jdk8-2.13.1.jar:/Users/danielflores/.m2/repository/com/fasterxml/jackson/datatype/jackson-datatype-jsr310/2.13.1/jackson-datatype-jsr310-2.13.1.jar:/Users/danielflores/.m2/repository/com/fasterxml/jackson/module/jackson-module-parameter-names/2.13.1/jackson-module-parameter-names-2.13.1.jar:/Users/danielflores/.m2/repository/org/springframework/boot/spring-boot-starter-reactor-netty/2.6.3/spring-boot-starter-reactor-netty-2.6.3.jar:/Users/danielflores/.m2/repository/io/projectreactor/netty/reactor-netty-http/1.0.15/reactor-netty-http-1.0.15.jar:/Users/danielflores/.m2/repository/io/netty/netty-codec-http/4.1.73.Final/netty-codec-http-4.1.73.Final.jar:/Users/danielflores/.m2/repository/io/netty/netty-common/4.1.73.Final/netty-common-4.1.73.Final.jar:/Users/danielflores/.m2/repository/io/netty/netty-buffer/4.1.73.Final/netty-buffer-4.1.73.Final.jar:/Users/danielflores/.m2/repository/io/netty/netty-transport/4.1.73.Final/netty-transport-4.1.73.Final.jar:/Users/danielflores/.m2/repository/io/netty/netty-codec/4.1.73.Final/netty-codec-4.1.73.Final.jar:/Users/danielflores/.m2/repository/io/netty/netty-handler/4.1.73.Final/netty-handler-4.1.73.Final.jar:/Users/danielflores/.m2/repository/io/netty/netty-tcnative-classes/2.0.46.Final/netty-tcnative-classes-2.0.46.Final.jar:/Users/danielflores/.m2/repository/io/netty/netty-codec-http2/4.1.73.Final/netty-codec-http2-4.1.73.Final.jar:/Users/danielflores/.m2/repository/io/netty/netty-resolver-dns/4.1.73.Final/netty-resolver-dns-4.1.73.Final.jar:/Users/danielflores/.m2/repository/io/netty/netty-resolver/4.1.73.Final/netty-resolver-4.1.73.Final.jar:/Users/danielflores/.m2/repository/io/netty/netty-codec-dns/4.1.73.Final/netty-codec-dns-4.1.73.Final.jar:/Users/danielflores/.m2/repository/io/netty/netty-resolver-dns-native-macos/4.1.73.Final/netty-resolver-dns-native-macos-4.1.73.Final-osx-x86_64.jar:/Users/danielflores/.m2/repository/io/netty/netty-resolver-dns-classes-macos/4.1.73.Final/netty-resolver-dns-classes-macos-4.1.73.Final.jar:/Users/danielflores/.m2/repository/io/netty/netty-transport-native-epoll/4.1.73.Final/netty-transport-native-epoll-4.1.73.Final-linux-x86_64.jar:/Users/danielflores/.m2/repository/io/netty/netty-transport-native-unix-common/4.1.73.Final/netty-transport-native-unix-common-4.1.73.Final.jar:/Users/danielflores/.m2/repository/io/netty/netty-transport-classes-epoll/4.1.73.Final/netty-transport-classes-epoll-4.1.73.Final.jar:/Users/danielflores/.m2/repository/io/projectreactor/netty/reactor-netty-core/1.0.15/reactor-netty-core-1.0.15.jar:/Users/danielflores/.m2/repository/io/netty/netty-handler-proxy/4.1.73.Final/netty-handler-proxy-4.1.73.Final.jar:/Users/danielflores/.m2/repository/io/netty/netty-codec-socks/4.1.73.Final/netty-codec-socks-4.1.73.Final.jar:/Users/danielflores/.m2/repository/org/springframework/spring-web/5.3.15/spring-web-5.3.15.jar:/Users/danielflores/.m2/repository/org/springframework/spring-beans/5.3.15/spring-beans-5.3.15.jar:/Users/danielflores/.m2/repository/org/springframework/spring-webflux/5.3.15/spring-webflux-5.3.15.jar:/Users/danielflores/.m2/repository/com/okta/spring/okta-spring-boot-starter/2.1.4/okta-spring-boot-starter-2.1.4.jar:/Users/danielflores/.m2/repository/com/okta/spring/okta-spring-security-oauth2/2.1.4/okta-spring-security-oauth2-2.1.4.jar:/Users/danielflores/.m2/repository/javax/validation/validation-api/2.0.1.Final/validation-api-2.0.1.Final.jar:/Users/danielflores/.m2/repository/com/okta/commons/okta-config-check/1.3.0/okta-config-check-1.3.0.jar:/Users/danielflores/.m2/repository/com/okta/commons/okta-commons-lang/1.3.0/okta-commons-lang-1.3.0.jar:/Users/danielflores/.m2/repository/org/springframework/security/spring-security-config/5.6.1/spring-security-config-5.6.1.jar:/Users/danielflores/.m2/repository/org/springframework/boot/spring-boot-starter-security/2.6.3/spring-boot-starter-security-2.6.3.jar:/Users/danielflores/.m2/repository/org/springframework/security/spring-security-oauth2-client/5.6.1/spring-security-oauth2-client-5.6.1.jar:/Users/danielflores/.m2/repository/org/springframework/security/spring-security-oauth2-core/5.6.1/spring-security-oauth2-core-5.6.1.jar:/Users/danielflores/.m2/repository/com/nimbusds/oauth2-oidc-sdk/9.19/oauth2-oidc-sdk-9.19.jar:/Users/danielflores/.m2/repository/com/github/stephenc/jcip/jcip-annotations/1.0-1/jcip-annotations-1.0-1.jar:/Users/danielflores/.m2/repository/com/nimbusds/content-type/2.1/content-type-2.1.jar:/Users/danielflores/.m2/repository/com/nimbusds/lang-tag/1.5/lang-tag-1.5.jar:/Users/danielflores/.m2/repository/org/springframework/security/spring-security-oauth2-jose/5.6.1/spring-security-oauth2-jose-5.6.1.jar:/Users/danielflores/.m2/repository/com/nimbusds/nimbus-jose-jwt/9.14/nimbus-jose-jwt-9.14.jar:/Users/danielflores/.m2/repository/org/springframework/security/spring-security-oauth2-resource-server/5.6.1/spring-security-oauth2-resource-server-5.6.1.jar:/Users/danielflores/.m2/repository/com/okta/spring/okta-spring-sdk/2.1.4/okta-spring-sdk-2.1.4.jar:/Users/danielflores/.m2/repository/org/springframework/cloud/spring-cloud-starter-gateway/3.1.0/spring-cloud-starter-gateway-3.1.0.jar:/Users/danielflores/.m2/repository/org/springframework/cloud/spring-cloud-starter/3.1.0/spring-cloud-starter-3.1.0.jar:/Users/danielflores/.m2/repository/org/springframework/cloud/spring-cloud-context/3.1.0/spring-cloud-context-3.1.0.jar:/Users/danielflores/.m2/repository/org/springframework/cloud/spring-cloud-commons/3.1.0/spring-cloud-commons-3.1.0.jar:/Users/danielflores/.m2/repository/org/springframework/security/spring-security-rsa/1.0.10.RELEASE/spring-security-rsa-1.0.10.RELEASE.jar:/Users/danielflores/.m2/repository/org/bouncycastle/bcpkix-jdk15on/1.68/bcpkix-jdk15on-1.68.jar:/Users/danielflores/.m2/repository/org/bouncycastle/bcprov-jdk15on/1.68/bcprov-jdk15on-1.68.jar:/Users/danielflores/.m2/repository/org/springframework/cloud/spring-cloud-gateway-server/3.1.0/spring-cloud-gateway-server-3.1.0.jar:/Users/danielflores/.m2/repository/org/springframework/boot/spring-boot-starter-validation/2.6.3/spring-boot-starter-validation-2.6.3.jar:/Users/danielflores/.m2/repository/org/apache/tomcat/embed/tomcat-embed-el/9.0.56/tomcat-embed-el-9.0.56.jar:/Users/danielflores/.m2/repository/org/hibernate/validator/hibernate-validator/6.2.0.Final/hibernate-validator-6.2.0.Final.jar:/Users/danielflores/.m2/repository/jakarta/validation/jakarta.validation-api/2.0.2/jakarta.validation-api-2.0.2.jar:/Users/danielflores/.m2/repository/org/jboss/logging/jboss-logging/3.4.3.Final/jboss-logging-3.4.3.Final.jar:/Users/danielflores/.m2/repository/com/fasterxml/classmate/1.5.1/classmate-1.5.1.jar:/Users/danielflores/.m2/repository/io/projectreactor/addons/reactor-extra/3.4.6/reactor-extra-3.4.6.jar:/Users/danielflores/.m2/repository/org/springframework/cloud/spring-cloud-starter-netflix-eureka-client/3.1.0/spring-cloud-starter-netflix-eureka-client-3.1.0.jar:/Users/danielflores/.m2/repository/org/springframework/cloud/spring-cloud-netflix-eureka-client/3.1.0/spring-cloud-netflix-eureka-client-3.1.0.jar:/Users/danielflores/.m2/repository/com/netflix/eureka/eureka-client/1.10.17/eureka-client-1.10.17.jar:/Users/danielflores/.m2/repository/com/netflix/netflix-commons/netflix-eventbus/0.3.0/netflix-eventbus-0.3.0.jar:/Users/danielflores/.m2/repository/com/netflix/netflix-commons/netflix-infix/0.3.0/netflix-infix-0.3.0.jar:/Users/danielflores/.m2/repository/commons-jxpath/commons-jxpath/1.3/commons-jxpath-1.3.jar:/Users/danielflores/.m2/repository/joda-time/joda-time/2.3/joda-time-2.3.jar:/Users/danielflores/.m2/repository/org/antlr/antlr-runtime/3.4/antlr-runtime-3.4.jar:/Users/danielflores/.m2/repository/org/antlr/stringtemplate/3.2.1/stringtemplate-3.2.1.jar:/Users/danielflores/.m2/repository/antlr/antlr/2.7.7/antlr-2.7.7.jar:/Users/danielflores/.m2/repository/com/google/code/gson/gson/2.8.9/gson-2.8.9.jar:/Users/danielflores/.m2/repository/org/apache/commons/commons-math/2.2/commons-math-2.2.jar:/Users/danielflores/.m2/repository/com/thoughtworks/xstream/xstream/1.4.18/xstream-1.4.18.jar:/Users/danielflores/.m2/repository/io/github/x-stream/mxparser/1.2.2/mxparser-1.2.2.jar:/Users/danielflores/.m2/repository/xmlpull/xmlpull/1.1.3.1/xmlpull-1.1.3.1.jar:/Users/danielflores/.m2/repository/javax/ws/rs/jsr311-api/1.1.1/jsr311-api-1.1.1.jar:/Users/danielflores/.m2/repository/com/netflix/servo/servo-core/0.12.21/servo-core-0.12.21.jar:/Users/danielflores/.m2/repository/com/google/guava/guava/19.0/guava-19.0.jar:/Users/danielflores/.m2/repository/org/apache/httpcomponents/httpclient/4.5.13/httpclient-4.5.13.jar:/Users/danielflores/.m2/repository/org/apache/httpcomponents/httpcore/4.4.15/httpcore-4.4.15.jar:/Users/danielflores/.m2/repository/commons-codec/commons-codec/1.15/commons-codec-1.15.jar:/Users/danielflores/.m2/repository/commons-configuration/commons-configuration/1.10/commons-configuration-1.10.jar:/Users/danielflores/.m2/repository/commons-lang/commons-lang/2.6/commons-lang-2.6.jar:/Users/danielflores/.m2/repository/com/google/inject/guice/4.1.0/guice-4.1.0.jar:/Users/danielflores/.m2/repository/javax/inject/javax.inject/1/javax.inject-1.jar:/Users/danielflores/.m2/repository/com/fasterxml/jackson/core/jackson-annotations/2.13.1/jackson-annotations-2.13.1.jar:/Users/danielflores/.m2/repository/com/fasterxml/jackson/core/jackson-core/2.13.1/jackson-core-2.13.1.jar:/Users/danielflores/.m2/repository/org/codehaus/jettison/jettison/1.4.0/jettison-1.4.0.jar:/Users/danielflores/.m2/repository/com/netflix/eureka/eureka-core/1.10.17/eureka-core-1.10.17.jar:/Users/danielflores/.m2/repository/com/fasterxml/woodstox/woodstox-core/6.2.1/woodstox-core-6.2.1.jar:/Users/danielflores/.m2/repository/org/codehaus/woodstox/stax2-api/4.2.1/stax2-api-4.2.1.jar:/Users/danielflores/.m2/repository/org/springframework/cloud/spring-cloud-starter-loadbalancer/3.1.0/spring-cloud-starter-loadbalancer-3.1.0.jar:/Users/danielflores/.m2/repository/org/springframework/cloud/spring-cloud-loadbalancer/3.1.0/spring-cloud-loadbalancer-3.1.0.jar:/Users/danielflores/.m2/repository/org/springframework/boot/spring-boot-starter-cache/2.6.3/spring-boot-starter-cache-2.6.3.jar:/Users/danielflores/.m2/repository/org/springframework/spring-context-support/5.3.15/spring-context-support-5.3.15.jar:/Users/danielflores/.m2/repository/com/stoyanr/evictor/1.0.0/evictor-1.0.0.jar:/Users/danielflores/.m2/repository/org/projectlombok/lombok/1.18.22/lombok-1.18.22.jar:/Users/danielflores/.m2/repository/org/springframework/boot/spring-boot-starter-test/2.6.3/spring-boot-starter-test-2.6.3.jar:/Users/danielflores/.m2/repository/org/springframework/boot/spring-boot-test/2.6.3/spring-boot-test-2.6.3.jar:/Users/danielflores/.m2/repository/org/springframework/boot/spring-boot-test-autoconfigure/2.6.3/spring-boot-test-autoconfigure-2.6.3.jar:/Users/danielflores/.m2/repository/com/jayway/jsonpath/json-path/2.6.0/json-path-2.6.0.jar:/Users/danielflores/.m2/repository/net/minidev/json-smart/2.4.7/json-smart-2.4.7.jar:/Users/danielflores/.m2/repository/net/minidev/accessors-smart/2.4.7/accessors-smart-2.4.7.jar:/Users/danielflores/.m2/repository/org/ow2/asm/asm/9.1/asm-9.1.jar:/Users/danielflores/.m2/repository/org/slf4j/slf4j-api/1.7.33/slf4j-api-1.7.33.jar:/Users/danielflores/.m2/repository/jakarta/xml/bind/jakarta.xml.bind-api/2.3.3/jakarta.xml.bind-api-2.3.3.jar:/Users/danielflores/.m2/repository/jakarta/activation/jakarta.activation-api/1.2.2/jakarta.activation-api-1.2.2.jar:/Users/danielflores/.m2/repository/org/assertj/assertj-core/3.21.0/assertj-core-3.21.0.jar:/Users/danielflores/.m2/repository/org/hamcrest/hamcrest/2.2/hamcrest-2.2.jar:/Users/danielflores/.m2/repository/org/junit/jupiter/junit-jupiter/5.8.2/junit-jupiter-5.8.2.jar:/Users/danielflores/.m2/repository/org/junit/jupiter/junit-jupiter-api/5.8.2/junit-jupiter-api-5.8.2.jar:/Users/danielflores/.m2/repository/org/opentest4j/opentest4j/1.2.0/opentest4j-1.2.0.jar:/Users/danielflores/.m2/repository/org/junit/platform/junit-platform-commons/1.8.2/junit-platform-commons-1.8.2.jar:/Users/danielflores/.m2/repository/org/apiguardian/apiguardian-api/1.1.2/apiguardian-api-1.1.2.jar:/Users/danielflores/.m2/repository/org/junit/jupiter/junit-jupiter-params/5.8.2/junit-jupiter-params-5.8.2.jar:/Users/danielflores/.m2/repository/org/junit/jupiter/junit-jupiter-engine/5.8.2/junit-jupiter-engine-5.8.2.jar:/Users/danielflores/.m2/repository/org/junit/platform/junit-platform-engine/1.8.2/junit-platform-engine-1.8.2.jar:/Users/danielflores/.m2/repository/org/mockito/mockito-core/4.0.0/mockito-core-4.0.0.jar:/Users/danielflores/.m2/repository/net/bytebuddy/byte-buddy/1.11.22/byte-buddy-1.11.22.jar:/Users/danielflores/.m2/repository/net/bytebuddy/byte-buddy-agent/1.11.22/byte-buddy-agent-1.11.22.jar:/Users/danielflores/.m2/repository/org/objenesis/objenesis/3.2/objenesis-3.2.jar:/Users/danielflores/.m2/repository/org/mockito/mockito-junit-jupiter/4.0.0/mockito-junit-jupiter-4.0.0.jar:/Users/danielflores/.m2/repository/org/skyscreamer/jsonassert/1.5.0/jsonassert-1.5.0.jar:/Users/danielflores/.m2/repository/com/vaadin/external/google/android-json/0.0.20131108.vaadin1/android-json-0.0.20131108.vaadin1.jar:/Users/danielflores/.m2/repository/org/springframework/spring-core/5.3.15/spring-core-5.3.15.jar:/Users/danielflores/.m2/repository/org/springframework/spring-jcl/5.3.15/spring-jcl-5.3.15.jar:/Users/danielflores/.m2/repository/org/springframework/spring-test/5.3.15/spring-test-5.3.15.jar:/Users/danielflores/.m2/repository/org/xmlunit/xmlunit-core/2.8.4/xmlunit-core-2.8.4.jar:/Users/danielflores/.m2/repository/io/projectreactor/reactor-test/3.4.14/reactor-test-3.4.14.jar:/Users/danielflores/.m2/repository/io/projectreactor/reactor-core/3.4.14/reactor-core-3.4.14.jar:/Users/danielflores/.m2/repository/org/reactivestreams/reactive-streams/1.0.3/reactive-streams-1.0.3.jar:/Users/danielflores/.m2/repository/org/springframework/security/spring-security-test/5.6.1/spring-security-test-5.6.1.jar:/Users/danielflores/.m2/repository/org/springframework/security/spring-security-core/5.6.1/spring-security-core-5.6.1.jar:/Users/danielflores/.m2/repository/org/springframework/security/spring-security-crypto/5.6.1/spring-security-crypto-5.6.1.jar:/Users/danielflores/.m2/repository/org/springframework/spring-aop/5.3.15/spring-aop-5.3.15.jar:/Users/danielflores/.m2/repository/org/springframework/spring-context/5.3.15/spring-context-5.3.15.jar:/Users/danielflores/.m2/repository/org/springframework/spring-expression/5.3.15/spring-expression-5.3.15.jar:/Users/danielflores/.m2/repository/org/springframework/security/spring-security-web/5.6.1/spring-security-web-5.6.1.jar:"/>
    <property name="sun.cpu.endian" value="little"/>
    <property name="user.home" value="/Users/danielflores"/>
    <property name="user.language" value="es"/>
    <property name="java.specification.vendor" value="Oracle Corporation"/>
    <property name="java.version.date" value="2022-07-19"/>
    <property name="java.home" value="/Users/danielflores/Library/Java/JavaVirtualMachines/openjdk-18.0.2/Contents/Home"/>
    <property name="file.separator" value="/"/>
    <property name="basedir" value="/Users/danielflores/DanielLocal/React/dirTres/ejemplo4/okta-spring-security-test-example/api-gateway"/>
    <property name="java.vm.compressedOopsMode" value="Zero based"/>
    <property name="line.separator" value="&#10;"/>
    <property name="java.specification.name" value="Java Platform API Specification"/>
    <property name="java.vm.specification.vendor" value="Oracle Corporation"/>
    <property name="apple.awt.application.name" value="ForkedBooter"/>
    <property name="surefire.real.class.path" value="/Users/danielflores/DanielLocal/React/dirTres/ejemplo4/okta-spring-security-test-example/api-gateway/target/surefire/surefirebooter2403639608002252690.jar"/>
    <property name="sun.management.compiler" value="HotSpot 64-Bit Tiered Compilers"/>
    <property name="ftp.nonProxyHosts" value="local|*.local|169.254/16|*.169.254/16"/>
    <property name="java.runtime.version" value="18.0.2+9-61"/>
    <property name="user.name" value="danielflores"/>
    <property name="path.separator" value=":"/>
    <property name="os.version" value="13.0"/>
    <property name="java.runtime.name" value="OpenJDK Runtime Environment"/>
    <property name="file.encoding" value="UTF-8"/>
    <property name="java.vm.name" value="OpenJDK 64-Bit Server VM"/>
    <property name="localRepository" value="/Users/danielflores/.m2/repository"/>
    <property name="java.vendor.url.bug" value="https://bugreport.java.com/bugreport/"/>
    <property name="java.io.tmpdir" value="/var/folders/w_/g92n7jw535l0jk8wvc8znsk40000gn/T/"/>
    <property name="java.version" value="18.0.2"/>
    <property name="user.dir" value="/Users/danielflores/DanielLocal/React/dirTres/ejemplo4/okta-spring-security-test-example/api-gateway"/>
    <property name="os.arch" value="aarch64"/>
    <property name="java.vm.specification.name" value="Java Virtual Machine Specification"/>
    <property name="native.encoding" value="UTF-8"/>
    <property name="java.library.path" value="/Users/danielflores/Library/Java/Extensions:/Library/Java/Extensions:/Network/Library/Java/Extensions:/System/Library/Java/Extensions:/usr/lib/java:."/>
    <property name="java.vm.info" value="mixed mode, sharing"/>
    <property name="java.vendor" value="Oracle Corporation"/>
    <property name="java.vm.version" value="18.0.2+9-61"/>
    <property name="sun.io.unicode.encoding" value="UnicodeBig"/>
    <property name="socksNonProxyHosts" value="local|*.local|169.254/16|*.169.254/16"/>
    <property name="java.class.version" value="62.0"/>
  </properties>
  <testcase name="contextLoads" classname="com.okta.developer.gateway.ApiGatewayApplicationTests" time="0.002"/>
</testsuite>